<?xml version="1.0" encoding="UTF-8" standalone="yes"?><!DOCTYPE report PUBLIC "-//JACOCO//DTD Report 1.1//EN" "report.dtd"><report name="descuentosTDD"><sessioninfo id="codespaces-cc8fe3-fcee7ada" start="1748826186587" dump="1748826188036"/><sessioninfo id="codespaces-cc8fe3-55c419ae" start="1748826539517" dump="1748826540975"/><sessioninfo id="codespaces-cc8fe3-c95bb75b" start="1748826688057" dump="1748826689332"/><sessioninfo id="codespaces-cc8fe3-e7a14252" start="1748826780090" dump="1748826781382"/><sessioninfo id="codespaces-cc8fe3-41a49080" start="1748826945584" dump="1748826946582"/><sessioninfo id="codespaces-cc8fe3-c9539130" start="1748827089278" dump="1748827090619"/><sessioninfo id="codespaces-cc8fe3-832472ed" start="1748827328234" dump="1748827329622"/><package name="com/ejemplo"><class name="com/ejemplo/CalculadoraDescuentos" sourcefilename="CalculadoraDescuentos.java"><method name="&lt;init&gt;" desc="()V" line="3"><counter type="INSTRUCTION" missed="3" covered="0"/><counter type="LINE" missed="1" covered="0"/><counter type="COMPLEXITY" missed="1" covered="0"/><counter type="METHOD" missed="1" covered="0"/></method><method name="aplicarDescuentoPorcentaje" desc="(DD)D" line="5"><counter type="INSTRUCTION" missed="0" covered="14"/><counter type="BRANCH" missed="0" covered="2"/><counter type="LINE" missed="0" covered="2"/><counter type="COMPLEXITY" missed="0" covered="2"/><counter type="METHOD" missed="0" covered="1"/></method><method name="aplicarDescuentoFijo" desc="(DD)D" line="10"><counter type="INSTRUCTION" missed="4" covered="0"/><counter type="LINE" missed="1" covered="0"/><counter type="COMPLEXITY" missed="1" covered="0"/><counter type="METHOD" missed="1" covered="0"/></method><method name="otroMetodo" desc="()V" line="15"><counter type="INSTRUCTION" missed="1" covered="0"/><counter type="LINE" missed="1" covered="0"/><counter type="COMPLEXITY" missed="1" covered="0"/><counter type="METHOD" missed="1" covered="0"/></method><counter type="INSTRUCTION" missed="8" covered="14"/><counter type="BRANCH" missed="0" covered="2"/><counter type="LINE" missed="3" covered="2"/><counter type="COMPLEXITY" missed="3" covered="2"/><counter type="METHOD" missed="3" covered="1"/><counter type="CLASS" missed="0" covered="1"/></class><sourcefile name="CalculadoraDescuentos.java"><line nr="3" mi="3" ci="0" mb="0" cb="0"/><line nr="5" mi="0" ci="6" mb="0" cb="2"/><line nr="6" mi="0" ci="8" mb="0" cb="0"/><line nr="10" mi="4" ci="0" mb="0" cb="0"/><line nr="15" mi="1" ci="0" mb="0" cb="0"/><counter type="INSTRUCTION" missed="8" covered="14"/><counter type="BRANCH" missed="0" covered="2"/><counter type="LINE" missed="3" covered="2"/><counter type="COMPLEXITY" missed="3" covered="2"/><counter type="METHOD" missed="3" covered="1"/><counter type="CLASS" missed="0" covered="1"/></sourcefile><counter type="INSTRUCTION" missed="8" covered="14"/><counter type="BRANCH" missed="0" covered="2"/><counter type="LINE" missed="3" covered="2"/><counter type="COMPLEXITY" missed="3" covered="2"/><counter type="METHOD" missed="3" covered="1"/><counter type="CLASS" missed="0" covered="1"/></package><counter type="INSTRUCTION" missed="8" covered="14"/><counter type="BRANCH" missed="0" covered="2"/><counter type="LINE" missed="3" covered="2"/><counter type="COMPLEXITY" missed="3" covered="2"/><counter type="METHOD" missed="3" covered="1"/><counter type="CLASS" missed="0" covered="1"/></report>