<?xml version="1.0" encoding="UTF-8" standalone="yes"?><!DOCTYPE report PUBLIC "-//JACOCO//DTD Report 1.1//EN" "report.dtd"><report name="descuentosTDD"><sessioninfo id="codespaces-cc8fe3-fcee7ada" start="1748826186587" dump="1748826188036"/><sessioninfo id="codespaces-cc8fe3-55c419ae" start="1748826539517" dump="1748826540975"/><sessioninfo id="codespaces-cc8fe3-c95bb75b" start="1748826688057" dump="1748826689332"/><sessioninfo id="codespaces-cc8fe3-e7a14252" start="1748826780090" dump="1748826781382"/><sessioninfo id="codespaces-cc8fe3-41a49080" start="1748826945584" dump="1748826946582"/><sessioninfo id="codespaces-cc8fe3-c9539130" start="1748827089278" dump="1748827090619"/><sessioninfo id="codespaces-cc8fe3-832472ed" start="1748827328234" dump="1748827329622"/><sessioninfo id="codespaces-cc8fe3-eeb8924" start="1748827478827" dump="1748827480093"/><sessioninfo id="codespaces-cc8fe3-daaf8ed4" start="1748827626256" dump="1748827627655"/><sessioninfo id="codespaces-cc8fe3-92b2351d" start="1748828701039" dump="1748828702390"/><sessioninfo id="codespaces-cc8fe3-8731894f" start="1748830464959" dump="1748830466647"/><sessioninfo id="codespaces-cc8fe3-ae9cc6b1" start="1748830575173" dump="1748830576489"/><sessioninfo id="codespaces-cc8fe3-f3363c94" start="1748830751891" dump="1748830753131"/><sessioninfo id="codespaces-cc8fe3-b3d82de8" start="1748830805128" dump="1748830806374"/><sessioninfo id="codespaces-cc8fe3-464aca20" start="1748831114964" dump="1748831116358"/><sessioninfo id="codespaces-cc8fe3-14314188" start="1748831257312" dump="1748831258652"/><package name="com/ejemplo"><class name="com/ejemplo/CalculadoraDescuentos" sourcefilename="CalculadoraDescuentos.java"><method name="&lt;init&gt;" desc="()V" line="6"><counter type="INSTRUCTION" missed="3" covered="0"/><counter type="LINE" missed="1" covered="0"/><counter type="COMPLEXITY" missed="1" covered="0"/><counter type="METHOD" missed="1" covered="0"/></method><method name="aplicarDescuentoPorcentaje" desc="(DD)D" line="15"><counter type="INSTRUCTION" missed="0" covered="14"/><counter type="BRANCH" missed="0" covered="2"/><counter type="LINE" missed="0" covered="3"/><counter type="COMPLEXITY" missed="0" covered="2"/><counter type="METHOD" missed="0" covered="1"/></method><method name="aplicarDescuentoFijo" desc="(DD)D" line="29"><counter type="INSTRUCTION" missed="0" covered="4"/><counter type="LINE" missed="0" covered="1"/><counter type="COMPLEXITY" missed="0" covered="1"/><counter type="METHOD" missed="0" covered="1"/></method><method name="otroMetodo" desc="()V" line="37"><counter type="INSTRUCTION" missed="0" covered="9"/><counter type="LINE" missed="0" covered="5"/><counter type="COMPLEXITY" missed="0" covered="1"/><counter type="METHOD" missed="0" covered="1"/></method><counter type="INSTRUCTION" missed="3" covered="27"/><counter type="BRANCH" missed="0" covered="2"/><counter type="LINE" missed="1" covered="9"/><counter type="COMPLEXITY" missed="1" covered="4"/><counter type="METHOD" missed="1" covered="3"/><counter type="CLASS" missed="0" covered="1"/></class><sourcefile name="CalculadoraDescuentos.java"><line nr="6" mi="3" ci="0" mb="0" cb="0"/><line nr="15" mi="0" ci="4" mb="0" cb="2"/><line nr="16" mi="0" ci="2" mb="0" cb="0"/><line nr="18" mi="0" ci="8" mb="0" cb="0"/><line nr="29" mi="0" ci="4" mb="0" cb="0"/><line nr="37" mi="0" ci="2" mb="0" cb="0"/><line nr="38" mi="0" ci="2" mb="0" cb="0"/><line nr="39" mi="0" ci="2" mb="0" cb="0"/><line nr="40" mi="0" ci="2" mb="0" cb="0"/><line nr="41" mi="0" ci="1" mb="0" cb="0"/><counter type="INSTRUCTION" missed="3" covered="27"/><counter type="BRANCH" missed="0" covered="2"/><counter type="LINE" missed="1" covered="9"/><counter type="COMPLEXITY" missed="1" covered="4"/><counter type="METHOD" missed="1" covered="3"/><counter type="CLASS" missed="0" covered="1"/></sourcefile><counter type="INSTRUCTION" missed="3" covered="27"/><counter type="BRANCH" missed="0" covered="2"/><counter type="LINE" missed="1" covered="9"/><counter type="COMPLEXITY" missed="1" covered="4"/><counter type="METHOD" missed="1" covered="3"/><counter type="CLASS" missed="0" covered="1"/></package><counter type="INSTRUCTION" missed="3" covered="27"/><counter type="BRANCH" missed="0" covered="2"/><counter type="LINE" missed="1" covered="9"/><counter type="COMPLEXITY" missed="1" covered="4"/><counter type="METHOD" missed="1" covered="3"/><counter type="CLASS" missed="0" covered="1"/></report>